10/09/2025, 01:30:16 PM - florin.cojocariu@s.unibuc.ro
10/11/2025, 04:50:46 PM - florin.cojocariu@s.unibuc.ro
10/12/2025, 10:02:56 AM - florin.cojocariu@s.unibuc.ro
10/12/2025, 09:37:04 PM - florin.cojocariu@s.unibuc.ro
10/13/2025, 09:58:59 PM - florin.cojocariu@s.unibuc.ro
10/14/2025, 01:17:46 PM - florin.cojocariu@s.unibuc.ro
10/15/2025, 08:53:43 AM - florin.cojocariu@s.unibuc.ro
10/16/2025, 08:11:34 PM - florin.cojocariu@s.unibuc.ro
10/18/2025, 12:20:29 AM - florin.cojocariu@s.unibuc.ro
10/19/2025, 08:29:33 PM - florin.cojocariu@s.unibuc.ro
10/20/2025, 06:28:24 PM - florin.cojocariu@s.unibuc.ro
10/21/2025, 07:17:05 PM - florin.cojocariu@s.unibuc.ro
10/22/2025, 10:52:17 AM - gheorghe.stefanov@filosofie.unibuc.ro
<<<<<<< Updated upstream
10/22/2025, 11:03:02 PM - florin.cojocariu@s.unibuc.ro
10/22/2025, 11:03:52 PM - florin.cojocariu@s.unibuc.ro
10/22/2025, 11:06:15 PM - florin.cojocariu@s.unibuc.ro
=======
>>>>>>> Stashed changes
10/23/2025, 09:29:09 PM - florin.cojocariu@s.unibuc.ro
